<?xml version="1.0" encoding="UTF-8"?>
<!-- Generated by org.testng.reporters.JUnitReportReporter -->
<testsuite hostname="DESKTOP-H8RGMUB" failures="0" tests="1" name="organisationsTests.CreateOrganisationWithIndustryTest" time="41.951" errors="0" timestamp="2023-10-17T13:32:39 IST" skipped="0">
  <testcase classname="organisationsTests.CreateOrganisationWithIndustryTest" name="CreateOrganisationWithIndustryTest" time="41.951"/>
</testsuite> <!-- organisationsTests.CreateOrganisationWithIndustryTest -->
