<?xml version="1.0" encoding="UTF-8"?>
<!-- Generated by org.testng.reporters.JUnitReportReporter -->
<testsuite hostname="DESKTOP-H8RGMUB" failures="0" tests="1" name="organisationsTests.CreateOrganisationTest" time="39.231" errors="0" timestamp="2023-10-19T21:28:20 IST" skipped="0">
  <testcase classname="organisationsTests.CreateOrganisationTest" name="createOrganisationTest" time="39.231"/>
</testsuite> <!-- organisationsTests.CreateOrganisationTest -->
