<?xml version="1.0" encoding="UTF-8"?>
<!-- Generated by org.testng.reporters.JUnitReportReporter -->
<testsuite hostname="DESKTOP-H8RGMUB" failures="0" tests="1" name="Practice.Assertion" time="0.090" errors="0" timestamp="2023-10-10T19:24:21 IST" skipped="0">
  <testcase classname="Practice.Assertion" name="Practice" time="0.090"/>
</testsuite> <!-- Practice.Assertion -->
