<?xml version="1.0" encoding="UTF-8"?>
<!-- Generated by org.testng.reporters.JUnitReportReporter -->
<testsuite hostname="DESKTOP-H8RGMUB" failures="0" tests="3" name="Practice.DataProviderPractice" time="0.086" errors="0" timestamp="2023-10-05T20:22:44 IST" skipped="0">
  <testcase classname="Practice.DataProviderPractice" name="addProductToCart" time="0.001"/>
  <testcase classname="Practice.DataProviderPractice" name="addProductToCart" time="0.074"/>
  <testcase classname="Practice.DataProviderPractice" name="addProductToCart" time="0.011"/>
</testsuite> <!-- Practice.DataProviderPractice -->
